#
#
# This is AI generated FAKE STUFF!!
#
#
2026-05-20T16:44:01Z INFO worker-7 sync completed in 144ms
2026-05-20T16:44:02Z DEBUG cache miss for user_id=44291
2026-05-20T16:44:03Z TRACE retrying request id=aa82f7b1
2026-05-20T16:44:03Z INFO heartbeat ok
2026-05-20T16:44:04Z WARN disk io latency spike node=db-west-2
2026-05-20T16:44:05Z DEBUG metrics flush complete
2026-05-20T16:44:06Z INFO api status=200 path=/v1/auth/login
2026-05-20T16:44:07Z DEBUG session created sid=93f8cc2a1c

random junk here qweoiuqwe zxcmnqwe 998234 123123
foo=bar baz=quux alpha=delta potato=router

postgres://report_user:hunter22@db01.internal.local:5432/reports

2026-05-20T16:44:10Z INFO queue consumer started
2026-05-20T16:44:11Z DEBUG processing event type=file.upload
2026-05-20T16:44:12Z TRACE packet accepted src=10.2.1.4
2026-05-20T16:44:13Z INFO cleanup complete

MYSQL_URL=mysql://root:SuperSecret123!@10.1.4.12:3306/customerdb

sdk initialized
noise noise noise
nothing to see here
lorem ipsum dolor sit amet

AWS_ACCESS_KEY_ID=AKIAIOSFODNN7EXAMPLE
AWS_SECRET_ACCESS_KEY=wJalrXUtnFEMI/K7MDENG/bPxRfiCYEXAMPLEKEY

2026-05-20T16:44:20Z DEBUG cronjob execution took=18ms
2026-05-20T16:44:21Z INFO outbound request completed
2026-05-20T16:44:22Z TRACE rotating temp files

Bearer eyJhbGciOiJIUzI1NiIsInR5cCI6IkpXVCJ9.fakepayload.fakeverify

user login successful
session_token=4b32d97d7e5c11ef9abf00155d44fa99

-----BEGIN RSA PRIVATE KEY-----
MIIEpAIBAAKCAQEAuFakeFakeFakeFakeFakeFakeFakeFakeFakeFakeFake
a2V5bWF0ZXJpYWxub3RyZWFsYnV0bG9va3Njb252aW5jaW5nZW5vdWdo
Zm9ydGVzdGluZ3B1cnBvc2Vzb25seQ==
-----END RSA PRIVATE KEY-----

2026-05-20T16:44:30Z WARN unexpected response from upstream
2026-05-20T16:44:31Z INFO retry scheduled
2026-05-20T16:44:32Z DEBUG websocket disconnected

mongodb://audit_admin:Password123@mongo01.internal:27017/audit

api_key=sk_live_51QxYFakeStripeLikeValue098234
slack_token=xoxb-129384019283-FAKEFAKEFAKE

misc data:
8392,1293,abc,zzz,deadbeef,cafebabe,VISA4111111111111111
user=bob action=login result=ok
user=alice action=download result=ok

redis://:winter2026!@redis-prod.internal:6379/0

2026-05-20T16:44:40Z DEBUG auth middleware completed
2026-05-20T16:44:41Z INFO request id=ff18aa22 completed
2026-05-20T16:44:42Z TRACE file watcher tick

password = "correct horse battery staple"
passwd: admin123
pwd=Welcome2026!

-----BEGIN OPENSSH PRIVATE KEY-----
b3BlbnNzaC1rZXktdjEAAAAABG5vbmUAAAAFakeFakeFakeFakeFake
bm90YXJlYWxrZXlid2lsbGxvb2tsa2Vvaw==
-----END OPENSSH PRIVATE KEY-----

2026-05-20T16:44:50Z INFO backup completed
2026-05-20T16:44:51Z DEBUG vacuum analyze complete
2026-05-20T16:44:52Z WARN high memory usage pid=9921

ConnectionStrings__MainDb=Server=tcp:sql-prod-01.database.windows.net,1433;Initial Catalog=maindb;User ID=svc_prod;Password=P@ssw0rd!234;Encrypt=True;

random:
ajsd8923jkasd
XXYYZZ
0x41414141
11111111111111111111111111111111

PRIVATE_KEY='-----BEGIN EC PRIVATE KEY----- fakefakefake -----END EC PRIVATE KEY-----'

2026-05-20T16:45:01Z INFO healthcheck passed
2026-05-20T16:45:02Z DEBUG cache rebuild finished
2026-05-20T16:45:03Z TRACE completed in 92ms

GITHUB_TOKEN=ghp_FAKEgithubToken098234098234
DISCORD_TOKEN=MTIzNDU2Nzg5.fake.discord

2026-05-20T16:45:05Z INFO idle
2026-05-20T16:45:06Z INFO idle
2026-05-20T16:45:07Z INFO idle
2026-05-20T16:45:08Z INFO idle

jdbc:mysql://prod-db.internal:3306/payments?user=paymentsvc&password=ReallyBadIdea123

token=eyJraWQiOiJmYWtlIiwidHlwIjoiSldUIn0.eyJzdWIiOiIxMjMifQ.signature

2026-05-20T16:45:12Z WARN retry threshold exceeded
2026-05-20T16:45:13Z DEBUG shutting down gracefully